03/21/14 12:04:44|Error|Transaction Fail: Error Message:Entry is Required in Field at Location 9,19 CDF: "IMTR01","","03/21/2014","012:04:43","0","","105-133-9001","","","O","","","8","JZ","T","O","","","","","","N","","","","","","","","","","","","","","","","","","","","","","","","","","","","","","","",""
03/25/14 02:34:22|Info|Transaction ended Susccesfully: "IMTR01","","03/25/2014","014:33:48","0","","933486 ","3","EBIN","O","","","16","JZ","T","O","","","","","","N","","","","","","","","","","","","","","","","","","","","","","","","","","","","","","","",""
03/25/14 02:34:34|Info|Transaction ended Susccesfully: "IMTR01","","03/25/2014","014:34:34","0","","16-2723-1","3","J61","O","","","110","JZ","KITGOO","O","","","","","","N","","","","","","","","","","","","","","","","","","","","","","","","","","","","","","","",""
03/25/14 02:34:36|Info|Transaction ended Susccesfully: "IMTR01","","03/25/2014","014:34:36","0","","72552830-1","3","K17","O","","","2","JZ","T","O","","","","","","N","","","","","","","","","","","","","","","","","","","","","","","","","","","","","","","",""
03/25/14 02:34:37|Info|Transaction ended Susccesfully: "IMTR01","","03/25/2014","014:34:37","0","","23080-3022 ","3","JBIN","O","","","3","JZ","T","O","","","","","","N","","","","","","","","","","","","","","","","","","","","","","","","","","","","","","","",""
03/25/14 02:34:38|Info|Transaction ended Susccesfully: "IMTR01","","03/25/2014","014:34:38","0","","23081-1005 ","3","J26","O","","","4","JZ","T","O","","","","","","N","","","","","","","","","","","","","","","","","","","","","","","","","","","","","","","",""
03/25/14 02:34:39|Info|Transaction ended Susccesfully: "IMTR01","","03/25/2014","014:34:39","0","","02-1088-22","3","J51","O","","","1","JZ","T","O","","","","","","N","","","","","","","","","","","","","","","","","","","","","","","","","","","","","","","",""
03/25/14 02:34:40|Info|Transaction ended Susccesfully: "IMTR01","","03/25/2014","014:34:40","0","","32289","3","K22","O","","","5","JZ","T","O","","","","","","N","","","","","","","","","","","","","","","","","","","","","","","","","","","","","","","",""
03/25/14 02:34:41|Info|Transaction ended Susccesfully: "IMTR01","","03/25/2014","014:34:41","0","","PN397","3","J61","O","","","220","JZ","KITGOO","O","","","","","","N","","","","","","","","","","","","","","","","","","","","","","","","","","","","","","","",""
03/25/14 02:34:42|Info|Transaction ended Susccesfully: "IMTR01","","03/25/2014","014:34:42","0","","25-1951-3 ","3","J61","O","","","110","JZ","KITGOO","O","","","","","","N","","","","","","","","","","","","","","","","","","","","","","","","","","","","","","","",""
03/25/14 02:34:43|Info|Transaction ended Susccesfully: "IMTR01","","03/25/2014","014:34:43","0","","FA434","3","J61","O","","","110","JZ","KITGOO","O","","","","","","N","","","","","","","","","","","","","","","","","","","","","","","","","","","","","","","",""
03/25/14 02:34:44|Info|Transaction ended Susccesfully: "IMTR01","","03/25/2014","014:34:44","0","","FA602 ","3","J61","O","","","111","JZ","KITGOO","O","","","","","","N","","","","","","","","","","","","","","","","","","","","","","","","","","","","","","","",""
03/25/14 02:34:47|Info|Transaction ended Susccesfully: "IMTR01","","03/25/2014","014:34:47","0","","FA5571","3","J61","O","","","110","JZ","KITGOO","O","","","","","","N","","","","","","","","","","","","","","","","","","","","","","","","","","","","","","","",""
03/25/14 02:34:48|Info|Transaction ended Susccesfully: "IMTR01","","03/25/2014","014:34:48","0","","16-2725-1 ","3","J61","O","","","110","JZ","KITGOO","O","","","","","","N","","","","","","","","","","","","","","","","","","","","","","","","","","","","","","","",""
03/25/14 02:34:49|Info|Transaction ended Susccesfully: "IMTR01","","03/25/2014","014:34:49","0","","16-2726-1","3","J61","O","","","110","JZ","KITGOO","O","","","","","","N","","","","","","","","","","","","","","","","","","","","","","","","","","","","","","","",""
03/25/14 02:34:50|Info|Transaction ended Susccesfully: "IMTR01","","03/25/2014","014:34:50","0","","AL483 ","3","K07","O","","","8","JZ","KITGOO","O","","","","","","N","","","","","","","","","","","","","","","","","","","","","","","","","","","","","","","",""
03/25/14 02:34:51|Info|Transaction ended Susccesfully: "IMTR01","","03/25/2014","014:34:51","0","","16-2728-1 ","3","J61","O","","","110","JZ","KITGOO","O","","","","","","N","","","","","","","","","","","","","","","","","","","","","","","","","","","","","","","",""
03/25/14 02:34:53|Info|Transaction ended Susccesfully: "IMTR01","","03/25/2014","014:34:53","0","","16-2729-1 ","3","J61","O","","","110","JZ","KITGOO","O","","","","","","N","","","","","","","","","","","","","","","","","","","","","","","","","","","","","","","",""
03/25/14 02:34:59|Info|Transaction ended Susccesfully: "IMTR01","","03/25/2014","014:34:59","0","","54002215","3","RECV","O","","","18000","JZ","T","O","","","","","","N","","","","","","","","","","","","","","","","","","","","","","","","","","","","","","","",""
03/25/14 02:35:00|Info|Transaction ended Susccesfully: "IMTR01","","03/25/2014","014:35:00","0","","826034","3","C33","O","","","6360","JZ","KIT","O","","","","","","N","","","","","","","","","","","","","","","","","","","","","","","","","","","","","","","",""
03/25/14 02:35:01|Info|Transaction ended Susccesfully: "IMTR01","","03/25/2014","014:35:01","0","","202386","3","G27","O","","","70000","JZ","T","O","","","","","","N","","","","","","","","","","","","","","","","","","","","","","","","","","","","","","","",""
03/25/14 02:35:02|Info|Transaction ended Susccesfully: "IMTR01","","03/25/2014","014:35:02","0","","202387","3","G42","O","","","70000","JZ","T","O","","","","","","N","","","","","","","","","","","","","","","","","","","","","","","","","","","","","","","",""
03/25/14 02:35:03|Info|Transaction ended Susccesfully: "IMTR01","","03/25/2014","014:35:03","0","","202376","3","G18","O","","","35000","JZ","T","O","","","","","","N","","","","","","","","","","","","","","","","","","","","","","","","","","","","","","","",""
03/25/14 02:35:04|Info|Transaction ended Susccesfully: "IMTR01","","03/25/2014","014:35:04","0","","202377 ","3","G18","O","","","35000","JZ","T","O","","","","","","N","","","","","","","","","","","","","","","","","","","","","","","","","","","","","","","",""
03/25/14 02:35:05|Info|Transaction ended Susccesfully: "IMTR01","","03/25/2014","014:35:05","0","","202378 ","3","G23","O","","","35000","JZ","T","O","","","","","","N","","","","","","","","","","","","","","","","","","","","","","","","","","","","","","","",""
03/25/14 02:35:07|Info|Transaction ended Susccesfully: "IMTR01","","03/25/2014","014:35:07","0","","202379 ","3","G18","O","","","35000","JZ","T","O","","","","","","N","","","","","","","","","","","","","","","","","","","","","","","","","","","","","","","",""
03/25/14 02:35:12|Info|Transaction ended Susccesfully: "IMTR01","","03/25/2014","014:35:12","0","","826002 ","3","EBIN","O","","","280","JZ","KIT","O","","","","","","N","","","","","","","","","","","","","","","","","","","","","","","","","","","","","","","",""
03/25/14 02:35:13|Info|Transaction ended Susccesfully: "IMTR01","","03/25/2014","014:35:13","0","","826006","3","EBIN","O","","","140","JZ","KIT","O","","","","","","N","","","","","","","","","","","","","","","","","","","","","","","","","","","","","","","",""
03/25/14 02:35:15|Info|Transaction ended Susccesfully: "IMTR01","","03/25/2014","014:35:14","0","","826008","3","EBIN","O","","","280","JZ","KIT","O","","","","","","N","","","","","","","","","","","","","","","","","","","","","","","","","","","","","","","",""
03/25/14 02:35:16|Info|Transaction ended Susccesfully: "IMTR01","","03/25/2014","014:35:15","0","","826010","3","E22","O","","","140","JZ","KIT","O","","","","","","N","","","","","","","","","","","","","","","","","","","","","","","","","","","","","","","",""
03/25/14 02:35:17|Info|Transaction ended Susccesfully: "IMTR01","","03/25/2014","014:35:17","0","","826012","3","EBIN","O","","","140","JZ","KIT","O","","","","","","N","","","","","","","","","","","","","","","","","","","","","","","","","","","","","","","",""
03/25/14 02:35:18|Info|Transaction ended Susccesfully: "IMTR01","","03/25/2014","014:35:18","0","","826014","3","EBIN","O","","","280 ","JZ","KIT","O","","","","","","N","","","","","","","","","","","","","","","","","","","","","","","","","","","","","","","",""
03/25/14 02:35:19|Info|Transaction ended Susccesfully: "IMTR01","","03/25/2014","014:35:19","0","","826020 ","3","B38","O","","","140","JZ","KIT","O","","","","","","N","","","","","","","","","","","","","","","","","","","","","","","","","","","","","","","",""
03/25/14 02:35:20|Info|Transaction ended Susccesfully: "IMTR01","","03/25/2014","014:35:20","0","","826024 ","3","E17","O","","","140","JZ","KIT","O","","","","","","N","","","","","","","","","","","","","","","","","","","","","","","","","","","","","","","",""
03/25/14 02:35:21|Info|Transaction ended Susccesfully: "IMTR01","","03/25/2014","014:35:21","0","","826004","3","EBIN","O","","","420","JZ","KIT","O","","","","","","N","","","","","","","","","","","","","","","","","","","","","","","","","","","","","","","",""
03/25/14 02:35:22|Info|Transaction ended Susccesfully: "IMTR01","","03/25/2014","014:35:22","0","","826038 ","3","EBIN","O","","","140","JZ","KIT","O","","","","","","N","","","","","","","","","","","","","","","","","","","","","","","","","","","","","","","",""
03/25/14 02:35:23|Info|Transaction ended Susccesfully: "IMTR01","","03/25/2014","014:35:23","0","","826048 ","3","E41","O","","","140","JZ","KIT","O","","","","","","N","","","","","","","","","","","","","","","","","","","","","","","","","","","","","","","",""
03/25/14 02:35:26|Info|Transaction ended Susccesfully: "IMTR01","","03/25/2014","014:35:26","0","","781756 ","3","C44","O","","","1","JZ","KIT","O","","","","","","N","","","","","","","","","","","","","","","","","","","","","","","","","","","","","","","",""
03/25/14 02:36:33|Error|Transaction Fail: Error Message:Move Qty Exceeds Available; Qty Available = 40 CDF: "IMTR01","","03/25/2014","014:35:27","0","","16-2723-1","3","J61","O","","","110","JZ","KIT","O","","","","","","N","","","","","","","","","","","","","","","","","","","","","","","","","","","","","","","",""
03/25/14 02:36:35|Info|Transaction ended Susccesfully: "IMTR01","","03/25/2014","014:36:35","0","","826175 ","3","E41","O","","","140","JZ","KIT","O","","","","","","N","","","","","","","","","","","","","","","","","","","","","","","","","","","","","","","",""
03/25/14 02:36:36|Info|Transaction ended Susccesfully: "IMTR01","","03/25/2014","014:36:36","0","","888501 ","3","B07","O","","","49000","JZ","KIT","O","","","","","","N","","","","","","","","","","","","","","","","","","","","","","","","","","","","","","","",""
03/25/14 02:36:37|Info|Transaction ended Susccesfully: "IMTR01","","03/25/2014","014:36:37","0","","205010","3","E02","O","","","4050","JZ","T","O","","","","","","N","","","","","","","","","","","","","","","","","","","","","","","","","","","","","","","",""
03/25/14 02:36:41|Info|Transaction ended Susccesfully: "IMTR01","","03/25/2014","014:36:40","0","","203005B ","3","G56","O","","","10000","JZ","T","O","","","","","","N","","","","","","","","","","","","","","","","","","","","","","","","","","","","","","","",""
03/25/14 02:36:41|Info|Transaction ended Susccesfully: "IMTR01","","03/25/2014","014:36:41","0","","203008 ","3","C31","O","","","10000","JZ","T","O","","","","","","N","","","","","","","","","","","","","","","","","","","","","","","","","","","","","","","",""
03/25/14 02:36:42|Info|Transaction ended Susccesfully: "IMTR01","","03/25/2014","014:36:42","0","","203064 ","3","C41","O","","","8000","JZ","T","O","","","","","","N","","","","","","","","","","","","","","","","","","","","","","","","","","","","","","","",""
03/25/14 02:36:43|Info|Transaction ended Susccesfully: "IMTR01","","03/25/2014","014:36:43","0","","203002","3","C06","O","","","7000","JZ","T","O","","","","","","N","","","","","","","","","","","","","","","","","","","","","","","","","","","","","","","",""
03/25/14 02:36:45|Info|Transaction ended Susccesfully: "IMTR01","","03/25/2014","014:36:45","0","","205003","3","G51","O","","","52.7","JZ","T","O","","","","","","N","","","","","","","","","","","","","","","","","","","","","","","","","","","","","","","",""
03/25/14 02:36:46|Info|Transaction ended Susccesfully: "IMTR01","","03/25/2014","014:36:46","0","","933484 ","3","EBIN","O","","","95","JZ","T","O","","","","","","N","","","","","","","","","","","","","","","","","","","","","","","","","","","","","","","",""
03/25/14 02:36:47|Info|Transaction ended Susccesfully: "IMTR01","","03/25/2014","014:36:47","0","","933488 ","3","EBIN","O","","","99","JZ","T","O","","","","","","N","","","","","","","","","","","","","","","","","","","","","","","","","","","","","","","",""
03/25/14 02:36:48|Info|Transaction ended Susccesfully: "IMTR01","","03/25/2014","014:36:48","0","","933490 ","3","EBIN","O","","","99","JZ","T","O","","","","","","N","","","","","","","","","","","","","","","","","","","","","","","","","","","","","","","",""
03/25/14 02:36:49|Info|Transaction ended Susccesfully: "IMTR01","","03/25/2014","014:36:49","0","","933456 ","3","EBIN","O","","","99","JZ","T","O","","","","","","N","","","","","","","","","","","","","","","","","","","","","","","","","","","","","","","",""
03/25/14 02:36:51|Info|Transaction ended Susccesfully: "IMTR01","","03/25/2014","014:36:51","0","","933482 ","3","EBIN","O","","","16","JZ","T","O","","","","","","N","","","","","","","","","","","","","","","","","","","","","","","","","","","","","","","",""
04/01/14 01:23:14|Error|FSTI-Error Exeption - Invalid number representation for InventoryQuantity
04/01/14 01:23:17|Error|FSTI-Error Exeption - Invalid number representation for InventoryQuantity
04/01/14 01:23:20|Error|FSTI-Error Exeption - Invalid number representation for InventoryQuantity
04/01/14 01:23:22|Error|FSTI-Error Exeption - Invalid number representation for InventoryQuantity
04/01/14 01:23:25|Error|FSTI-Error Exeption - Invalid number representation for InventoryQuantity
04/01/14 01:23:27|Error|FSTI-Error Exeption - Invalid number representation for InventoryQuantity
04/01/14 01:23:30|Error|FSTI-Error Exeption - Invalid number representation for InventoryQuantity
04/01/14 01:23:33|Error|FSTI-Error Exeption - Invalid number representation for InventoryQuantity
04/01/14 01:23:36|Error|FSTI-Error Exeption - Invalid number representation for InventoryQuantity
04/01/14 01:23:38|Error|FSTI-Error Exeption - Invalid number representation for InventoryQuantity
04/01/14 01:23:41|Error|FSTI-Error Exeption - Invalid number representation for InventoryQuantity
04/01/14 01:23:43|Error|FSTI-Error Exeption - Invalid number representation for InventoryQuantity
04/01/14 01:23:46|Error|FSTI-Error Exeption - Invalid number representation for InventoryQuantity
04/01/14 01:23:49|Error|FSTI-Error Exeption - Invalid number representation for InventoryQuantity
04/01/14 01:23:51|Error|FSTI-Error Exeption - Invalid number representation for InventoryQuantity
04/01/14 01:23:55|Error|FSTI-Error Exeption - Invalid number representation for InventoryQuantity
04/01/14 01:23:57|Error|FSTI-Error Exeption - Invalid number representation for InventoryQuantity
04/01/14 01:24:00|Error|FSTI-Error Exeption - Invalid number representation for InventoryQuantity
04/01/14 01:24:02|Error|FSTI-Error Exeption - Invalid number representation for InventoryQuantity
04/01/14 01:24:05|Error|FSTI-Error Exeption - Invalid number representation for InventoryQuantity
04/01/14 01:24:07|Error|FSTI-Error Exeption - Invalid number representation for InventoryQuantity
04/01/14 01:24:10|Error|FSTI-Error Exeption - Invalid number representation for InventoryQuantity
04/01/14 01:24:13|Error|FSTI-Error Exeption - Invalid number representation for InventoryQuantity
04/01/14 01:24:16|Error|FSTI-Error Exeption - Invalid number representation for InventoryQuantity
04/01/14 01:24:18|Error|FSTI-Error Exeption - Invalid number representation for InventoryQuantity
04/01/14 01:24:21|Error|FSTI-Error Exeption - Invalid number representation for InventoryQuantity
04/01/14 01:24:24|Error|FSTI-Error Exeption - Invalid number representation for InventoryQuantity
04/01/14 01:24:26|Error|FSTI-Error Exeption - Invalid number representation for InventoryQuantity
04/01/14 01:24:30|Error|FSTI-Error Exeption - Invalid number representation for InventoryQuantity
04/01/14 01:24:32|Error|FSTI-Error Exeption - Invalid number representation for InventoryQuantity
04/01/14 01:24:34|Error|FSTI-Error Exeption - Invalid number representation for InventoryQuantity
04/01/14 01:24:37|Error|FSTI-Error Exeption - Invalid number representation for InventoryQuantity
04/01/14 01:24:40|Error|FSTI-Error Exeption - Invalid number representation for InventoryQuantity
04/01/14 01:24:43|Error|FSTI-Error Exeption - Invalid number representation for InventoryQuantity
04/01/14 01:24:45|Error|FSTI-Error Exeption - Invalid number representation for InventoryQuantity
04/01/14 01:24:48|Error|FSTI-Error Exeption - Invalid number representation for InventoryQuantity
04/01/14 01:24:50|Error|FSTI-Error Exeption - Invalid number representation for InventoryQuantity
04/01/14 01:24:53|Error|FSTI-Error Exeption - Invalid number representation for InventoryQuantity
04/01/14 01:24:56|Error|FSTI-Error Exeption - Invalid number representation for InventoryQuantity
04/01/14 01:24:59|Error|FSTI-Error Exeption - Invalid number representation for InventoryQuantity
04/01/14 01:25:02|Error|FSTI-Error Exeption - Invalid number representation for InventoryQuantity
04/01/14 01:25:04|Error|FSTI-Error Exeption - Invalid number representation for InventoryQuantity
04/01/14 01:25:07|Error|FSTI-Error Exeption - Invalid number representation for InventoryQuantity
04/01/14 01:25:10|Error|FSTI-Error Exeption - Invalid number representation for InventoryQuantity
04/01/14 01:25:13|Error|FSTI-Error Exeption - Invalid number representation for InventoryQuantity
04/01/14 01:25:15|Error|FSTI-Error Exeption - Invalid number representation for InventoryQuantity
04/01/14 01:25:19|Error|FSTI-Error Exeption - Invalid number representation for InventoryQuantity
04/01/14 01:25:21|Error|FSTI-Error Exeption - Invalid number representation for InventoryQuantity
04/01/14 01:25:24|Error|FSTI-Error Exeption - Invalid number representation for InventoryQuantity
04/01/14 01:25:26|Error|FSTI-Error Exeption - Invalid number representation for InventoryQuantity
04/01/14 01:25:29|Error|FSTI-Error Exeption - Invalid number representation for InventoryQuantity
04/01/14 01:25:31|Error|FSTI-Error Exeption - Invalid number representation for InventoryQuantity
04/01/14 01:25:34|Error|FSTI-Error Exeption - Invalid number representation for InventoryQuantity
04/01/14 01:25:37|Error|FSTI-Error Exeption - Invalid number representation for InventoryQuantity
04/01/14 01:25:39|Error|FSTI-Error Exeption - Invalid number representation for InventoryQuantity
04/01/14 01:25:42|Error|FSTI-Error Exeption - Invalid number representation for InventoryQuantity
04/01/14 01:25:45|Error|FSTI-Error Exeption - Invalid number representation for InventoryQuantity
04/17/15 02:03:09|Error|Transaction Fail: Error Message:Lot Does Not Exist For This Item CDF: "IMTR01","","04/17/2015","014:03:00","0","","P260-00-1","5","FGT","O","HWS-1324567901","","2","NO","NORTH","O","HWS-1324567901","","","","","E","","","","","","","","","","","","","","","","","","","","","","","","","","","","","","","",""
04/17/15 02:03:10|Info|Transaction ended Susccesfully: "IMTR01","","04/17/2015","014:03:10","0","","P260-00-1","5","FGT","O","S123456789001","","2","NO","NORTH","O","S123456789001","","","","","E","","","","","","","","","","","","","","","","","","","","","","","","","","","","","","","",""
04/17/15 02:03:10|Error|Transaction Fail: Error Message:No Quantity Available At This Location CDF: "IMTR01","","04/17/2015","014:03:10","0","","30086-1040 OE","5","FGT","O","","","1","NO","NORTH","O","","","","","","N","","","","","","","","","","","","","","","","","","","","","","","","","","","","","","","",""
04/17/15 02:03:10|Error|Transaction Fail: Error Message:No Quantity Available At This Location CDF: "IMTR01","","04/17/2015","014:03:10","0","","30086-1200 OE","5","FGT","O","","","1","NO","NORTH","O","","","","","","N","","","","","","","","","","","","","","","","","","","","","","","","","","","","","","","",""
04/17/15 02:03:10|Error|Transaction Fail: Error Message:No Quantity Available At This Location CDF: "IMTR01","","04/17/2015","014:03:10","0","","30086-1200 OE","5","FGT","O","","","1","NO","NORTH","O","","","","","","N","","","","","","","","","","","","","","","","","","","","","","","","","","","","","","","",""
04/17/15 02:03:10|Error|Transaction Fail: Error Message:No Quantity Available At This Location CDF: "IMTR01","","04/17/2015","014:03:10","0","","30086-1200 OE","5","FGT","O","","","1","NO","NORTH","O","","","","","","N","","","","","","","","","","","","","","","","","","","","","","","","","","","","","","","",""
04/17/15 02:03:10|Error|Transaction Fail: Error Message:No Quantity Available At This Location CDF: "IMTR01","","04/17/2015","014:03:10","0","","31169-2081","5","FGT","O","","","1","NO","NORTH","O","","","","","","N","","","","","","","","","","","","","","","","","","","","","","","","","","","","","","","",""
04/17/15 02:03:10|Error|Transaction Fail: Error Message:No Quantity Available At This Location CDF: "IMTR01","","04/17/2015","014:03:10","0","","30086-1200 OE","5","FGT","O","","","1","NO","NORTH","O","","","","","","N","","","","","","","","","","","","","","","","","","","","","","","","","","","","","","","",""
04/17/15 02:03:10|Info|Transaction ended Susccesfully: "IMTR01","","04/17/2015","014:03:10","0","","23048-1020","3","JBIN","O","","","12","JZ","KITGOO","O","","","","","","N","","","","","","","","","","","","","","","","","","","","","","","","","","","","","","","",""
04/17/15 02:03:10|Info|Transaction ended Susccesfully: "IMTR01","","04/17/2015","014:03:10","0","","31169-1962","3","J51","O","","","10","JZ","KITGOO","O","","","","","","N","","","","","","","","","","","","","","","","","","","","","","","","","","","","","","","",""
04/17/15 02:03:10|Info|Transaction ended Susccesfully: "IMTR01","","04/17/2015","014:03:10","0","","31169-1962","3","J51","O","","","10","JZ","KITGOO","O","","","","","","N","","","","","","","","","","","","","","","","","","","","","","","","","","","","","","","",""
04/17/15 02:03:10|Info|Transaction ended Susccesfully: "IMTR01","","04/17/2015","014:03:10","0","","31169-1962","3","J51","O","","","15","JZ","KITGOO","O","","","","","","N","","","","","","","","","","","","","","","","","","","","","","","","","","","","","","","",""
04/17/15 02:03:10|Info|Transaction ended Susccesfully: "IMTR01","","04/17/2015","014:03:10","0","","516847-12","3","RECV","O","","","4","JZ","T","O","","","","","","N","","","","","","","","","","","","","","","","","","","","","","","","","","","","","","","",""
04/17/15 02:03:10|Error|Transaction Fail: Error Message:No Quantity Available At This Location CDF: "IMTR01","","04/17/2015","014:03:10","0","","518818-5","3","RECV","O","","","4","JZ","T","O","","","","","","N","","","","","","","","","","","","","","","","","","","","","","","","","","","","","","","",""
04/17/15 02:03:11|Info|Transaction ended Susccesfully: "IMTR01","","04/17/2015","014:03:11","0","","02-2090-07","3","JBIN","O","","","24","JZ","KITGOO","O","","","","","","N","","","","","","","","","","","","","","","","","","","","","","","","","","","","","","","",""
04/17/15 02:03:11|Info|Transaction ended Susccesfully: "IMTR01","","04/17/2015","014:03:11","0","","05-626242","3","JBIN","O","","","24","JZ","KITGOO","O","","","","","","N","","","","","","","","","","","","","","","","","","","","","","","","","","","","","","","",""
04/17/15 02:03:11|Info|Transaction ended Susccesfully: "IMTR01","","04/17/2015","014:03:11","0","","02-1120-32","3","JBIN","O","","","75","JZ","KITGOO","O","","","","","","N","","","","","","","","","","","","","","","","","","","","","","","","","","","","","","","",""
04/17/15 02:03:11|Info|Transaction ended Susccesfully: "IMTR01","","04/17/2015","014:03:11","0","","209-043","3","D08","O","","","5000","JZ","T","O","","","","","","N","","","","","","","","","","","","","","","","","","","","","","","","","","","","","","","",""
04/17/15 02:03:11|Info|Transaction ended Susccesfully: "IMTR01","","04/17/2015","014:03:11","0","","2046903-1","3","K03","O","","","47","JZ","T","O","","","","","","N","","","","","","","","","","","","","","","","","","","","","","","","","","","","","","","",""
04/17/15 02:03:11|Info|Transaction ended Susccesfully: "IMTR01","","04/17/2015","014:03:11","0","","02-1120-33","3","JBIN","O","","","75","JZ","KITGOO","O","","","","","","N","","","","","","","","","","","","","","","","","","","","","","","","","","","","","","","",""
04/17/15 02:03:11|Info|Transaction ended Susccesfully: "IMTR01","","04/17/2015","014:03:11","0","","54200288","3","E08","O","","","5000","JZ","T","O","","","","","","N","","","","","","","","","","","","","","","","","","","","","","","","","","","","","","","",""
04/17/15 02:03:11|Info|Transaction ended Susccesfully: "IMTR01","","04/17/2015","014:03:11","0","","54200287","3","E08","O","","","5000","JZ","T","O","","","","","","N","","","","","","","","","","","","","","","","","","","","","","","","","","","","","","","",""
04/17/15 02:03:11|Info|Transaction ended Susccesfully: "IMTR01","","04/17/2015","014:03:11","0","","31169-1330","3","J59","O","","","396","JZ","KITGOO","O","","","","","","N","","","","","","","","","","","","","","","","","","","","","","","","","","","","","","","",""
04/17/15 02:03:11|Info|Transaction ended Susccesfully: "IMTR01","","04/17/2015","014:03:11","0","","31169-1330","3","J59","O","","","396","JZ","KITGOO","O","","","","","","N","","","","","","","","","","","","","","","","","","","","","","","","","","","","","","","",""
04/17/15 02:03:11|Info|Transaction ended Susccesfully: "IMTR01","","04/17/2015","014:03:11","0","","MS24694-S5","3","JBIN","O","","","160","JZ","KITGOO","O","","","","","","N","","","","","","","","","","","","","","","","","","","","","","","","","","","","","","","",""
04/17/15 02:03:11|Info|Transaction ended Susccesfully: "IMTR01","","04/17/2015","014:03:11","0","","23046-1360","3","JBIN","O","","","20","JZ","KITGOO","O","","","","","","N","","","","","","","","","","","","","","","","","","","","","","","","","","","","","","","",""
04/17/15 02:03:11|Info|Transaction ended Susccesfully: "IMTR01","","04/17/2015","014:03:11","0","","23046-1310","3","JBIN","O","","","10","JZ","KITGOO","O","","","","","","N","","","","","","","","","","","","","","","","","","","","","","","","","","","","","","","",""
04/17/15 02:03:12|Info|Transaction ended Susccesfully: "IMTR01","","04/17/2015","014:03:12","0","","02-2030-32","3","JBIN","O","","","10","JZ","KITGOO","O","","","","","","N","","","","","","","","","","","","","","","","","","","","","","","","","","","","","","","",""
04/17/15 02:03:12|Info|Transaction ended Susccesfully: "IMTR01","","04/17/2015","014:03:12","0","","54200289","3","E08","O","","","5000","JZ","T","O","","","","","","N","","","","","","","","","","","","","","","","","","","","","","","","","","","","","","","",""
04/17/15 02:03:12|Error|Transaction Fail: Error Message:Move Qty Exceeds Available; Qty Available = 10000.0000 CDF: "IMTR01","","04/17/2015","014:03:12","0","","203003B","3","G31","O","","","10500","JZ","T","O","","","","","","N","","","","","","","","","","","","","","","","","","","","","","","","","","","","","","","",""
04/17/15 02:03:12|Info|Transaction ended Susccesfully: "IMTR01","","04/17/2015","014:03:12","0","","203004B","3","G31","O","","","5000","JZ","T","O","","","","","","N","","","","","","","","","","","","","","","","","","","","","","","","","","","","","","","",""
04/17/15 02:03:12|Info|Transaction ended Susccesfully: "IMTR01","","04/17/2015","014:03:12","0","","203064","3","C41","O","","","8000","JZ","T","O","","","","","","N","","","","","","","","","","","","","","","","","","","","","","","","","","","","","","","",""
04/17/15 02:03:12|Info|Transaction ended Susccesfully: "IMTR01","","04/17/2015","014:03:12","0","","203002","3","C06","O","","","10500","JZ","T","O","","","","","","N","","","","","","","","","","","","","","","","","","","","","","","","","","","","","","","",""
04/17/15 02:03:12|Info|Transaction ended Susccesfully: "IMTR01","","04/17/2015","014:03:12","0","","202384","3","G32","O","","","35000","JZ","T","O","","","","","","N","","","","","","","","","","","","","","","","","","","","","","","","","","","","","","","",""
04/17/15 02:03:12|Info|Transaction ended Susccesfully: "IMTR01","","04/17/2015","014:03:12","0","","202382","3","G27","O","","","70000","JZ","T","O","","","","","","N","","","","","","","","","","","","","","","","","","","","","","","","","","","","","","","",""
04/17/15 02:03:12|Info|Transaction ended Susccesfully: "IMTR01","","04/17/2015","014:03:12","0","","202376","3","G37","O","","","70000","JZ","T","O","","","","","","N","","","","","","","","","","","","","","","","","","","","","","","","","","","","","","","",""
04/17/15 02:03:12|Error|Transaction Fail: Error Message:Move Qty Exceeds Available; Qty Available = 9 CDF: "IMTR01","","04/17/2015","014:03:12","0","","23032-3631","3","J01","O","","","10","JZ","KITGOO","O","","","","","","N","","","","","","","","","","","","","","","","","","","","","","","","","","","","","","","",""
04/17/15 02:03:12|Info|Transaction ended Susccesfully: "IMTR01","","04/17/2015","014:03:12","0","","MS24694-S5","3","JBIN","O","","","48","JZ","KITGOO","O","","","","","","N","","","","","","","","","","","","","","","","","","","","","","","","","","","","","","","",""
04/17/15 02:03:12|Info|Transaction ended Susccesfully: "IMTR01","","04/17/2015","014:03:12","0","","202377","3","G42","O","","","70000","JZ","T","O","","","","","","N","","","","","","","","","","","","","","","","","","","","","","","","","","","","","","","",""
04/17/15 02:03:12|Info|Transaction ended Susccesfully: "IMTR01","","04/17/2015","014:03:12","0","","23046-1360","3","JBIN","O","","","6","JZ","KITGOO","O","","","","","","N","","","","","","","","","","","","","","","","","","","","","","","","","","","","","","","",""
04/17/15 02:03:12|Info|Transaction ended Susccesfully: "IMTR01","","04/17/2015","014:03:12","0","","202381","3","G32","O","","","35000","JZ","T","O","","","","","","N","","","","","","","","","","","","","","","","","","","","","","","","","","","","","","","",""
04/17/15 02:03:12|Info|Transaction ended Susccesfully: "IMTR01","","04/17/2015","014:03:12","0","","23046-1310","3","JBIN","O","","","3","JZ","KITGOO","O","","","","","","N","","","","","","","","","","","","","","","","","","","","","","","","","","","","","","","",""
04/17/15 02:03:13|Error|Transaction Fail: Error Message:No Quantity Available At This Location CDF: "IMTR01","","04/17/2015","014:03:13","0","","201215","3","G07","O","","","10000","JZ","T","O","","","","","","E","","","","","","","","","","","","","","","","","","","","","","","","","","","","","","","",""
04/17/15 02:03:13|Info|Transaction ended Susccesfully: "IMTR01","","04/17/2015","014:03:13","0","","81030","3","G44","O","","","100","JZ","T","O","","","","","","N","","","","","","","","","","","","","","","","","","","","","","","","","","","","","","","",""
04/17/15 02:03:13|Info|Transaction ended Susccesfully: "IMTR01","","04/17/2015","014:03:13","0","","81031","3","H12","O","","","700","JZ","T","O","","","","","","N","","","","","","","","","","","","","","","","","","","","","","","","","","","","","","","",""
04/17/15 02:03:13|Error|Transaction Fail: Error Message:Entry is Required in Field at Location 13,19 CDF: "IMTR01","","04/17/2015","014:03:13","0","","305023","","","O","","","1.98","JZ","T","O","","","","","","N","","","","","","","","","","","","","","","","","","","","","","","","","","","","","","","",""
04/17/15 02:03:13|Error|Transaction Fail: Error Message:Entry is Required in Field at Location 9,19 CDF: "IMTR01","","04/17/2015","014:03:13","0","","42113","","","O","","","50","JZ","T","O","","","","","","N","","","","","","","","","","","","","","","","","","","","","","","","","","","","","","","",""
04/17/15 02:03:13|Info|Transaction ended Susccesfully: "IMTR01","","04/17/2015","014:03:13","0","","B14724XX","3","FBIN","O","","","20","JZ","T","O","","","","","","N","","","","","","","","","","","","","","","","","","","","","","","","","","","","","","","",""
04/17/15 02:03:13|Info|Transaction ended Susccesfully: "IMTR01","","04/17/2015","014:03:13","0","","02-2030-32","3","JBIN","O","","","3","JZ","KITGOO","O","","","","","","N","","","","","","","","","","","","","","","","","","","","","","","","","","","","","","","",""
04/17/15 02:03:13|Info|Transaction ended Susccesfully: "IMTR01","","04/17/2015","014:03:13","0","","23032-2131","3","RECV","O","","","3","JZ","KITGOO","O","","","","","","N","","","","","","","","","","","","","","","","","","","","","","","","","","","","","","","",""
04/17/15 02:03:13|Info|Transaction ended Susccesfully: "IMTR01","","04/17/2015","014:03:13","0","","205037","3","E07","O","","","4050","JZ","KIT","O","","","","","","N","","","","","","","","","","","","","","","","","","","","","","","","","","","","","","","",""
04/17/15 02:03:13|Info|Transaction ended Susccesfully: "IMTR01","","04/17/2015","014:03:13","0","","200002","3","E07","O","","","4050","JZ","KIT","O","","","","","","N","","","","","","","","","","","","","","","","","","","","","","","","","","","","","","","",""
04/17/15 02:03:13|Info|Transaction ended Susccesfully: "IMTR01","","04/17/2015","014:03:13","0","","23046-1322","3","JBIN","O","","","6","JZ","KITGOO","O","","","","","","N","","","","","","","","","","","","","","","","","","","","","","","","","","","","","","","",""
04/17/15 02:03:13|Info|Transaction ended Susccesfully: "IMTR01","","04/17/2015","014:03:13","0","","23047-1249","3","JBIN","O","","","12","JZ","KITGOO","O","","","","","","N","","","","","","","","","","","","","","","","","","","","","","","","","","","","","","","",""
04/17/15 02:03:13|Info|Transaction ended Susccesfully: "IMTR01","","04/17/2015","014:03:13","0","","31169-1962","3","J51","O","","","15","JZ","KITGOO","O","","","","","","N","","","","","","","","","","","","","","","","","","","","","","","","","","","","","","","",""
04/17/15 02:03:14|Error|Transaction Fail: Error Message:No Quantity Available At This Location CDF: "IMTR01","","04/17/2015","014:03:14","0","","67410131-1","3","RECV","O","","","13","JZ","T","O","","","","","","N","","","","","","","","","","","","","","","","","","","","","","","","","","","","","","","",""
04/17/15 02:03:14|Info|Transaction ended Susccesfully: "IMTR01","","04/17/2015","014:03:14","0","","200007","3","E02","O","","","8100","JZ","KIT","O","","","","","","N","","","","","","","","","","","","","","","","","","","","","","","","","","","","","","","",""
04/17/15 02:03:14|Info|Transaction ended Susccesfully: "IMTR01","","04/17/2015","014:03:14","0","","205019","3","E02","O","","","4050","JZ","KIT","O","","","","","","N","","","","","","","","","","","","","","","","","","","","","","","","","","","","","","","",""
04/17/15 02:03:14|Info|Transaction ended Susccesfully: "IMTR01","","04/17/2015","014:03:14","0","","205023","3","E07","O","","","4050","JZ","KIT","O","","","","","","N","","","","","","","","","","","","","","","","","","","","","","","","","","","","","","","",""
04/17/15 02:03:14|Info|Transaction ended Susccesfully: "IMTR01","","04/17/2015","014:03:14","0","","05-543032","3","E07","O","","","1620","JZ","KIT","O","","","","","","N","","","","","","","","","","","","","","","","","","","","","","","","","","","","","","","",""
04/17/15 02:03:14|Info|Transaction ended Susccesfully: "IMTR01","","04/17/2015","014:03:14","0","","205020","3","E07","O","","","6000","JZ","KIT","O","","","","","","N","","","","","","","","","","","","","","","","","","","","","","","","","","","","","","","",""
04/17/15 02:03:14|Info|Transaction ended Susccesfully: "IMTR01","","04/17/2015","014:03:14","0","","205034","3","E07","O","","","10000","JZ","KIT","O","","","","","","N","","","","","","","","","","","","","","","","","","","","","","","","","","","","","","","",""
04/17/15 02:03:14|Info|Transaction ended Susccesfully: "IMTR01","","04/17/2015","014:03:14","0","","205013","3","C21","O","","","7000","JZ","KIT","O","","","","","","N","","","","","","","","","","","","","","","","","","","","","","","","","","","","","","","",""
04/17/15 02:03:14|Info|Transaction ended Susccesfully: "IMTR01","","04/17/2015","014:03:14","0","","205012","3","C26","O","","","4980","JZ","KIT","O","","","","","","N","","","","","","","","","","","","","","","","","","","","","","","","","","","","","","","",""
04/17/15 02:03:14|Info|Transaction ended Susccesfully: "IMTR01","","04/17/2015","014:03:14","0","","205014","3","C36","O","","","7000","JZ","KIT","O","","","","","","N","","","","","","","","","","","","","","","","","","","","","","","","","","","","","","","",""
04/17/15 02:03:14|Info|Transaction ended Susccesfully: "IMTR01","","04/17/2015","014:03:14","0","","205022","3","C21","O","","","5000","JZ","KIT","O","","","","","","N","","","","","","","","","","","","","","","","","","","","","","","","","","","","","","","",""
04/17/15 02:03:14|Info|Transaction ended Susccesfully: "IMTR01","","04/17/2015","014:03:14","0","","205015","3","C26","O","","","10000","JZ","KIT","O","","","","","","N","","","","","","","","","","","","","","","","","","","","","","","","","","","","","","","",""
04/17/15 02:03:14|Info|Transaction ended Susccesfully: "IMTR01","","04/17/2015","014:03:14","0","","200028","3","G47","O","","","25000","JZ","KIT","O","","","","","","N","","","","","","","","","","","","","","","","","","","","","","","","","","","","","","","",""
04/17/15 02:03:14|Info|Transaction ended Susccesfully: "IMTR01","","04/17/2015","014:03:14","0","","200031","3","G31","O","","","15000","JZ","KIT","O","","","","","","N","","","","","","","","","","","","","","","","","","","","","","","","","","","","","","","",""
04/17/15 02:03:15|Info|Transaction ended Susccesfully: "IMTR01","","04/17/2015","014:03:15","0","","205010","3","E02","O","","","4050","JZ","KIT","O","","","","","","N","","","","","","","","","","","","","","","","","","","","","","","","","","","","","","","",""
04/17/15 02:03:15|Info|Transaction ended Susccesfully: "IMTR01","","04/17/2015","014:03:15","0","","205004","3","E02","O","","","10000","JZ","KIT","O","","","","","","N","","","","","","","","","","","","","","","","","","","","","","","","","","","","","","","",""
04/17/15 02:03:15|Info|Transaction ended Susccesfully: "IMTR01","","04/17/2015","014:03:15","0","","23046-1322","3","JBIN","O","","","12","JZ","KITGOO","O","","","","","","N","","","","","","","","","","","","","","","","","","","","","","","","","","","","","","","",""
04/17/15 02:03:15|Info|Transaction ended Susccesfully: "IMTR01","","04/17/2015","014:03:15","0","","23047-1249","3","JBIN","O","","","24","JZ","KITGOO","O","","","","","","N","","","","","","","","","","","","","","","","","","","","","","","","","","","","","","","",""
04/17/15 02:03:15|Info|Transaction ended Susccesfully: "IMTR01","","04/17/2015","014:03:15","0","","23048-1020","3","JBIN","O","","","24","JZ","KITGOO","O","","","","","","N","","","","","","","","","","","","","","","","","","","","","","","","","","","","","","","",""
04/17/15 02:03:15|Info|Transaction ended Susccesfully: "IMTR01","","04/17/2015","014:03:15","0","","02-3102-04","3","J31","O","","","12","JZ","KITGOO","O","","","","","","N","","","","","","","","","","","","","","","","","","","","","","","","","","","","","","","",""
04/17/15 02:03:15|Info|Transaction ended Susccesfully: "IMTR01","","04/17/2015","014:03:15","0","","05-555940","3","JBIN","O","","","12","JZ","KITGOO","O","","","","","","N","","","","","","","","","","","","","","","","","","","","","","","","","","","","","","","",""
04/17/15 02:03:15|Info|Transaction ended Susccesfully: "IMTR01","","04/17/2015","014:03:15","0","","23048-1020","3","JBIN","O","","","12","JZ","KITGOO","O","","","","","","N","","","","","","","","","","","","","","","","","","","","","","","","","","","","","","","",""
04/17/15 02:03:15|Info|Transaction ended Susccesfully: "IMTR01","","04/17/2015","014:03:15","0","","23046-1321","3","JBIN","O","","","6","JZ","KITGOO","O","","","","","","N","","","","","","","","","","","","","","","","","","","","","","","","","","","","","","","",""
04/17/15 02:03:15|Info|Transaction ended Susccesfully: "IMTR01","","04/17/2015","014:03:15","0","","200029","3","G36","O","","","10000","JZ","KIT","O","","","","","","N","","","","","","","","","","","","","","","","","","","","","","","","","","","","","","","",""
04/17/15 02:03:15|Info|Transaction ended Susccesfully: "IMTR01","","04/17/2015","014:03:15","0","","205005","3","E02","O","","","5000","JZ","KIT","O","","","","","","N","","","","","","","","","","","","","","","","","","","","","","","","","","","","","","","",""
04/17/15 02:03:15|Info|Transaction ended Susccesfully: "IMTR01","","04/17/2015","014:03:15","0","","205006","3","E02","O","","","10000","JZ","KIT","O","","","","","","N","","","","","","","","","","","","","","","","","","","","","","","","","","","","","","","",""
04/17/15 02:03:15|Info|Transaction ended Susccesfully: "IMTR01","","04/17/2015","014:03:15","0","","205007","3","E02","O","","","10000","JZ","KIT","O","","","","","","N","","","","","","","","","","","","","","","","","","","","","","","","","","","","","","","",""
04/17/15 02:03:15|Info|Transaction ended Susccesfully: "IMTR01","","04/17/2015","014:03:15","0","","205017","3","E01","O","","","5000","JZ","KIT","O","","","","","","N","","","","","","","","","","","","","","","","","","","","","","","","","","","","","","","",""
04/17/15 02:03:16|Info|Transaction ended Susccesfully: "IMTR01","","04/17/2015","014:03:16","0","","02-3102-04","3","J31","O","","","24","JZ","KITGOO","O","","","","","","N","","","","","","","","","","","","","","","","","","","","","","","","","","","","","","","",""
04/17/15 02:03:16|Info|Transaction ended Susccesfully: "IMTR01","","04/17/2015","014:03:16","0","","05-501856","3","JBIN","O","","","12","JZ","KITGOO","O","","","","","","N","","","","","","","","","","","","","","","","","","","","","","","","","","","","","","","",""
04/17/15 02:03:16|Info|Transaction ended Susccesfully: "IMTR01","","04/17/2015","014:03:16","0","","05-555938","3","JBIN","O","","","48","JZ","KITGOO","O","","","","","","N","","","","","","","","","","","","","","","","","","","","","","","","","","","","","","","",""
04/17/15 02:03:16|Info|Transaction ended Susccesfully: "IMTR01","","04/17/2015","014:03:16","0","","05-555940","3","JBIN","O","","","24","JZ","KITGOO","O","","","","","","N","","","","","","","","","","","","","","","","","","","","","","","","","","","","","","","",""
04/17/15 02:03:16|Info|Transaction ended Susccesfully: "IMTR01","","04/17/2015","014:03:16","0","","05-626242","3","JBIN","O","","","48","JZ","KITGOO","O","","","","","","N","","","","","","","","","","","","","","","","","","","","","","","","","","","","","","","",""
04/17/15 02:03:16|Info|Transaction ended Susccesfully: "IMTR01","","04/17/2015","014:03:16","0","","23048-1020","3","JBIN","O","","","24","JZ","KITGOO","O","","","","","","N","","","","","","","","","","","","","","","","","","","","","","","","","","","","","","","",""
04/17/15 02:03:16|Info|Transaction ended Susccesfully: "IMTR01","","04/17/2015","014:03:16","0","","23046-1321","3","JBIN","O","","","12","JZ","KITGOO","O","","","","","","N","","","","","","","","","","","","","","","","","","","","","","","","","","","","","","","",""
04/17/15 02:03:16|Info|Transaction ended Susccesfully: "IMTR01","","04/17/2015","014:03:16","0","","205018","3","E02","O","","","4050","JZ","KIT","O","","","","","","N","","","","","","","","","","","","","","","","","","","","","","","","","","","","","","","",""
04/17/15 02:03:16|Info|Transaction ended Susccesfully: "IMTR01","","04/17/2015","014:03:16","0","","205025","3","E06","O","","","4550","JZ","KIT","O","","","","","","N","","","","","","","","","","","","","","","","","","","","","","","","","","","","","","","",""
04/17/15 02:03:16|Info|Transaction ended Susccesfully: "IMTR01","","04/17/2015","014:03:16","0","","205026","3","E07","O","","","4050","JZ","KIT","O","","","","","","N","","","","","","","","","","","","","","","","","","","","","","","","","","","","","","","",""
04/17/15 02:03:16|Info|Transaction ended Susccesfully: "IMTR01","","04/17/2015","014:03:16","0","","205027","3","E04","O","","","4050","JZ","KIT","O","","","","","","N","","","","","","","","","","","","","","","","","","","","","","","","","","","","","","","",""
04/17/15 02:03:16|Info|Transaction ended Susccesfully: "IMTR01","","04/17/2015","014:03:16","0","","205028","3","E01","O","","","4050","JZ","KIT","O","","","","","","N","","","","","","","","","","","","","","","","","","","","","","","","","","","","","","","",""
04/17/15 02:03:16|Info|Transaction ended Susccesfully: "IMTR01","","04/17/2015","014:03:16","0","","205008","3","E01","O","","","5000","JZ","KIT","O","","","","","","N","","","","","","","","","","","","","","","","","","","","","","","","","","","","","","","",""
04/17/15 02:03:16|Info|Transaction ended Susccesfully: "IMTR01","","04/17/2015","014:03:16","0","","205024","3","E07","O","","","4000","JZ","KIT","O","","","","","","N","","","","","","","","","","","","","","","","","","","","","","","","","","","","","","","",""
04/17/15 02:03:16|Info|Transaction ended Susccesfully: "IMTR01","","04/17/2015","014:03:16","0","","205003","3","G51","O","","","113.4","JZ","KIT","O","","","","","","N","","","","","","","","","","","","","","","","","","","","","","","","","","","","","","","",""
04/17/15 02:03:17|Info|Transaction ended Susccesfully: "IMTR01","","04/17/2015","014:03:17","0","","02-2090-07","3","JBIN","O","","","48","JZ","KITGOO","O","","","","","","N","","","","","","","","","","","","","","","","","","","","","","","","","","","","","","","",""
04/17/15 02:03:17|Info|Transaction ended Susccesfully: "IMTR01","","04/17/2015","014:03:17","0","","05-501856","3","JBIN","O","","","6","JZ","KITGOO","O","","","","","","N","","","","","","","","","","","","","","","","","","","","","","","","","","","","","","","",""
04/17/15 02:03:17|Info|Transaction ended Susccesfully: "IMTR01","","04/17/2015","014:03:17","0","","05-555938","3","JBIN","O","","","24","JZ","KITGOO","O","","","","","","N","","","","","","","","","","","","","","","","","","","","","","","","","","","","","","","",""
04/17/15 02:03:17|Info|Transaction ended Susccesfully: "IMTR01","","04/17/2015","014:03:17","0","","05-543032","3","E07","O","","","2160","JZ","T","O","","","","","","N","","","","","","","","","","","","","","","","","","","","","","","","","","","","","","","",""
04/17/15 02:03:17|Error|Transaction Fail: Error Message:Entry is Required in Field at Location 17,19 CDF: "IMTR01","","04/17/2015","014:03:17","0","","80081","","","O","","","50","JZ","T","O","","","","","","N","","","","","","","","","","","","","","","","","","","","","","","","","","","","","","","",""
04/17/15 02:03:17|Info|Transaction ended Susccesfully: "IMTR01","","04/17/2015","014:03:17","0","","203064","3","C41","O","","","8000","JZ","T","O","","","","","","N","","","","","","","","","","","","","","","","","","","","","","","","","","","","","","","",""
04/17/15 02:03:17|Info|Transaction ended Susccesfully: "IMTR01","","04/17/2015","014:03:17","0","","205013","3","C21","O","","","7000","JZ","T","O","","","","","","N","","","","","","","","","","","","","","","","","","","","","","","","","","","","","","","",""
04/17/15 02:03:17|Info|Transaction ended Susccesfully: "IMTR01","","04/17/2015","014:03:17","0","","05-543053","3","J04","O","","","1836","JZ","T","O","","","","","","N","","","","","","","","","","","","","","","","","","","","","","","","","","","","","","","",""
04/17/15 02:03:17|Info|Transaction ended Susccesfully: "IMTR01","","04/17/2015","014:03:17","0","","81045","3","G39","O","","","100","JZ","T","O","","","","","","N","","","","","","","","","","","","","","","","","","","","","","","","","","","","","","","",""
04/17/15 02:03:17|Info|Transaction ended Susccesfully: "IMTR01","","04/17/2015","014:03:17","0","","205015","3","C26","O","","","10000","JZ","T","O","","","","","","N","","","","","","","","","","","","","","","","","","","","","","","","","","","","","","","",""
04/17/15 02:03:17|Info|Transaction ended Susccesfully: "IMTR01","","04/17/2015","014:03:17","0","","81042","3","H12","O","","","500","JZ","T","O","","","","","","N","","","","","","","","","","","","","","","","","","","","","","","","","","","","","","","",""
04/17/15 02:03:17|Error|Transaction Fail: Error Message:Entry is Required in Field at Location 17,19 CDF: "IMTR01","","04/17/2015","014:03:17","0","","46623-13","","","O","","","84","JZ","T","O","","","","","","N","","","","","","","","","","","","","","","","","","","","","","","","","","","","","","","",""
04/17/15 03:58:28|Error|FSTI-Error Exeption - External component has thrown an exception.
04/17/15 03:58:29|Error|FSTI-Error Exeption - External component has thrown an exception.
04/17/15 03:58:31|Error|FSTI-Error Exeption - External component has thrown an exception.
04/17/15 03:58:32|Error|FSTI-Error Exeption - External component has thrown an exception.
04/17/15 03:58:33|Error|FSTI-Error Exeption - External component has thrown an exception.
04/17/15 03:58:34|Error|FSTI-Error Exeption - External component has thrown an exception.
04/17/15 03:58:35|Error|FSTI-Error Exeption - External component has thrown an exception.
04/17/15 03:58:36|Error|FSTI-Error Exeption - External component has thrown an exception.
04/17/15 03:58:37|Error|FSTI-Error Exeption - External component has thrown an exception.
04/17/15 03:58:38|Error|FSTI-Error Exeption - External component has thrown an exception.
04/17/15 03:58:39|Error|FSTI-Error Exeption - External component has thrown an exception.
04/17/15 03:58:40|Error|FSTI-Error Exeption - External component has thrown an exception.
04/17/15 03:58:41|Error|FSTI-Error Exeption - External component has thrown an exception.
04/17/15 03:58:42|Error|FSTI-Error Exeption - External component has thrown an exception.
04/17/15 03:58:43|Error|FSTI-Error Exeption - External component has thrown an exception.
04/17/15 03:58:44|Error|FSTI-Error Exeption - External component has thrown an exception.
04/17/15 03:58:45|Error|FSTI-Error Exeption - External component has thrown an exception.
04/17/15 03:58:46|Error|FSTI-Error Exeption - External component has thrown an exception.
04/17/15 03:58:47|Error|FSTI-Error Exeption - External component has thrown an exception.
04/17/15 03:58:48|Error|FSTI-Error Exeption - External component has thrown an exception.
04/17/15 03:58:49|Error|FSTI-Error Exeption - External component has thrown an exception.
04/17/15 03:58:50|Error|FSTI-Error Exeption - External component has thrown an exception.
04/17/15 03:58:51|Error|FSTI-Error Exeption - External component has thrown an exception.
04/17/15 03:58:52|Error|FSTI-Error Exeption - External component has thrown an exception.
04/17/15 03:58:53|Error|FSTI-Error Exeption - External component has thrown an exception.
04/17/15 03:58:54|Error|FSTI-Error Exeption - External component has thrown an exception.
04/17/15 03:58:55|Error|FSTI-Error Exeption - External component has thrown an exception.
04/17/15 03:58:57|Error|FSTI-Error Exeption - External component has thrown an exception.
04/17/15 03:58:58|Error|FSTI-Error Exeption - External component has thrown an exception.
04/17/15 03:58:59|Error|FSTI-Error Exeption - External component has thrown an exception.
04/17/15 03:59:00|Error|FSTI-Error Exeption - External component has thrown an exception.
04/17/15 03:59:01|Error|FSTI-Error Exeption - External component has thrown an exception.
04/17/15 03:59:34|Info|Transaction ended Susccesfully: "IMTR01","","04/17/2015","015:59:34","0","","P260-00-1","5","FGT","O","S1234512345","","3","NO","NORTH","O","S1234512345","","","","","E","","","","","","","","","","","","","","","","","","","","","","","","","","","","","","","",""
05/04/15 03:09:02|Info|Transaction ended Susccesfully: "IMTR01","","05/04/2015","015:09:02","0","","P260-00-1","5","FGT","O","TEST-123456","","5","NO","NORTH","O","TEST-123456","","","","","E","","","","","","","","","","","","","","","","","","","","","","","","","","","","","","","",""
05/04/15 03:09:03|Info|Transaction ended Susccesfully: "IMTR01","","05/04/2015","015:09:03","0","","P260-00-1","5","FGT","O","HWS-TEST123456-00","","2","NO","NORTH","O","HWS-TEST123456-00","","","","","E","","","","","","","","","","","","","","","","","","","","","","","","","","","","","","","",""
05/04/15 03:09:03|Info|Transaction ended Susccesfully: "IMTR01","","05/04/2015","015:09:03","0","","P260-00-1","5","FGT","O","HWS-TEST123456-01","","3","NO","NORTH","O","HWS-TEST123456-01","","","","","E","","","","","","","","","","","","","","","","","","","","","","","","","","","","","","","",""
07/17/15 09:40:59|Error|Transaction Fail: Error Message:No Quantity Available At This Location                       CDF: "IMTR01","","07/17/2015","009:40:58","0","","308318","5","FGT","O","1J95720877007161579","","36","NO","NORTH","O","1J95720877007161579","","","","","E","","","","","","","","","","","","","","","","","","","","","","","","","","","","","","","",""
07/17/15 09:40:59|Error|Transaction Fail: Error Message:No Quantity Available At This Location                       CDF: "IMTR01","","07/17/2015","009:40:59","0","","308318","5","FGT","O","1J95720877007161577","","36","NO","NORTH","O","1J95720877007161577","","","","","E","","","","","","","","","","","","","","","","","","","","","","","","","","","","","","","",""
07/17/15 09:40:59|Error|Transaction Fail: Error Message:Move Non-Lot quantity of Lot Traced Item, field 23 must be 'C' or 'E' CDF: "IMTR01","","07/17/2015","009:40:59","0","","756014","FG","32","O","","","20","JZ","T","O","","","","","","E","","","","","","","","","","","","","","","","","","","","","","","","","","","","","","","",""
07/17/15 09:41:03|Error|Transaction Fail: Error Message:Move Non-Lot quantity of Lot Traced Item, field 23 must be 'C' or 'E' CDF: "IMTR01","","07/17/2015","009:41:03","0","","756014","FG","32","O","","","20","JZ","T","O","","","","","","E","","","","","","","","","","","","","","","","","","","","","","","","","","","","","","","",""
07/17/15 09:41:07|Error|Transaction Fail: Error Message:Move Non-Lot quantity of Lot Traced Item, field 23 must be 'C' or 'E' CDF: "IMTR01","","07/17/2015","009:41:06","0","","756014","FG","32","O","","","20","JZ","T","O","","","","","","E","","","","","","","","","","","","","","","","","","","","","","","","","","","","","","","",""
07/17/15 09:41:10|Error|Transaction Fail: Error Message:Move Non-Lot quantity of Lot Traced Item, field 23 must be 'C' or 'E' CDF: "IMTR01","","07/17/2015","009:41:10","0","","756014","FG","32","O","","","20","JZ","T","O","","","","","","E","","","","","","","","","","","","","","","","","","","","","","","","","","","","","","","",""
07/17/15 09:41:14|Error|Transaction Fail: Error Message:Move Non-Lot quantity of Lot Traced Item, field 23 must be 'C' or 'E' CDF: "IMTR01","","07/17/2015","009:41:14","0","","756014","FG","32","O","","","20","JZ","T","O","","","","","","E","","","","","","","","","","","","","","","","","","","","","","","","","","","","","","","",""
07/17/15 09:41:17|Error|Transaction Fail: Error Message:Move Non-Lot quantity of Lot Traced Item, field 23 must be 'C' or 'E' CDF: "IMTR01","","07/17/2015","009:41:17","0","","756014","FG","32","O","","","20","JZ","T","O","","","","","","E","","","","","","","","","","","","","","","","","","","","","","","","","","","","","","","",""
07/17/15 09:41:21|Error|Transaction Fail: Error Message:Move Non-Lot quantity of Lot Traced Item, field 23 must be 'C' or 'E' CDF: "IMTR01","","07/17/2015","009:41:21","0","","756014","FG","32","O","","","20","JZ","T","O","","","","","","E","","","","","","","","","","","","","","","","","","","","","","","","","","","","","","","",""
07/17/15 09:41:24|Error|Transaction Fail: Error Message:Move Non-Lot quantity of Lot Traced Item, field 23 must be 'C' or 'E' CDF: "IMTR01","","07/17/2015","009:41:24","0","","756014","FG","32","O","","","20","JZ","T","O","","","","","","E","","","","","","","","","","","","","","","","","","","","","","","","","","","","","","","",""
07/17/15 09:41:28|Error|Transaction Fail: Error Message:Move Non-Lot quantity of Lot Traced Item, field 23 must be 'C' or 'E' CDF: "IMTR01","","07/17/2015","009:41:28","0","","756014","FG","32","O","","","20","JZ","T","O","","","","","","E","","","","","","","","","","","","","","","","","","","","","","","","","","","","","","","",""
07/17/15 09:41:32|Error|Transaction Fail: Error Message:Move Non-Lot quantity of Lot Traced Item, field 23 must be 'C' or 'E' CDF: "IMTR01","","07/17/2015","009:41:31","0","","756014","FG","32","O","","","20","JZ","T","O","","","","","","E","","","","","","","","","","","","","","","","","","","","","","","","","","","","","","","",""
07/17/15 09:41:35|Error|Transaction Fail: Error Message:Move Non-Lot quantity of Lot Traced Item, field 23 must be 'C' or 'E' CDF: "IMTR01","","07/17/2015","009:41:35","0","","756014","FG","32","O","","","20","JZ","T","O","","","","","","E","","","","","","","","","","","","","","","","","","","","","","","","","","","","","","","",""
07/17/15 09:41:39|Error|Transaction Fail: Error Message:Move Non-Lot quantity of Lot Traced Item, field 23 must be 'C' or 'E' CDF: "IMTR01","","07/17/2015","009:41:39","0","","756014","FG","32","O","","","20","JZ","T","O","","","","","","E","","","","","","","","","","","","","","","","","","","","","","","","","","","","","","","",""
07/17/15 09:41:42|Error|Transaction Fail: Error Message:Move Non-Lot quantity of Lot Traced Item, field 23 must be 'C' or 'E' CDF: "IMTR01","","07/17/2015","009:41:42","0","","756014","FG","32","O","","","20","JZ","T","O","","","","","","E","","","","","","","","","","","","","","","","","","","","","","","","","","","","","","","",""
07/17/15 09:41:46|Error|Transaction Fail: Error Message:Move Non-Lot quantity of Lot Traced Item, field 23 must be 'C' or 'E' CDF: "IMTR01","","07/17/2015","009:41:46","0","","756014","FG","32","O","","","20","JZ","T","O","","","","","","E","","","","","","","","","","","","","","","","","","","","","","","","","","","","","","","",""
07/17/15 09:41:50|Error|Transaction Fail: Error Message:Move Non-Lot quantity of Lot Traced Item, field 23 must be 'C' or 'E' CDF: "IMTR01","","07/17/2015","009:41:49","0","","756014","FG","32","O","","","20","JZ","T","O","","","","","","E","","","","","","","","","","","","","","","","","","","","","","","","","","","","","","","",""
07/17/15 09:41:53|Error|Transaction Fail: Error Message:Move Non-Lot quantity of Lot Traced Item, field 23 must be 'C' or 'E' CDF: "IMTR01","","07/17/2015","009:41:53","0","","756014","FG","32","O","","","20","JZ","T","O","","","","","","E","","","","","","","","","","","","","","","","","","","","","","","","","","","","","","","",""
07/17/15 09:41:57|Error|Transaction Fail: Error Message:Move Non-Lot quantity of Lot Traced Item, field 23 must be 'C' or 'E' CDF: "IMTR01","","07/17/2015","009:41:56","0","","756014","FG","32","O","","","20","JZ","T","O","","","","","","E","","","","","","","","","","","","","","","","","","","","","","","","","","","","","","","",""
07/17/15 09:42:00|Error|Transaction Fail: Error Message:Move Non-Lot quantity of Lot Traced Item, field 23 must be 'C' or 'E' CDF: "IMTR01","","07/17/2015","009:42:00","0","","756014","FG","32","O","","","20","JZ","T","O","","","","","","E","","","","","","","","","","","","","","","","","","","","","","","","","","","","","","","",""
07/17/15 09:42:04|Error|Transaction Fail: Error Message:Move Non-Lot quantity of Lot Traced Item, field 23 must be 'C' or 'E' CDF: "IMTR01","","07/17/2015","009:42:03","0","","756014","FG","32","O","","","20","JZ","T","O","","","","","","E","","","","","","","","","","","","","","","","","","","","","","","","","","","","","","","",""
07/17/15 09:42:07|Error|Transaction Fail: Error Message:Move Non-Lot quantity of Lot Traced Item, field 23 must be 'C' or 'E' CDF: "IMTR01","","07/17/2015","009:42:07","0","","756014","FG","32","O","","","20","JZ","T","O","","","","","","E","","","","","","","","","","","","","","","","","","","","","","","","","","","","","","","",""
07/17/15 09:42:11|Error|Transaction Fail: Error Message:Move Non-Lot quantity of Lot Traced Item, field 23 must be 'C' or 'E' CDF: "IMTR01","","07/17/2015","009:42:11","0","","756014","FG","32","O","","","20","JZ","T","O","","","","","","E","","","","","","","","","","","","","","","","","","","","","","","","","","","","","","","",""
07/17/15 09:42:15|Error|Transaction Fail: Error Message:Move Non-Lot quantity of Lot Traced Item, field 23 must be 'C' or 'E' CDF: "IMTR01","","07/17/2015","009:42:15","0","","756014","FG","32","O","","","20","JZ","T","O","","","","","","E","","","","","","","","","","","","","","","","","","","","","","","","","","","","","","","",""
07/17/15 09:42:19|Error|Transaction Fail: Error Message:Move Non-Lot quantity of Lot Traced Item, field 23 must be 'C' or 'E' CDF: "IMTR01","","07/17/2015","009:42:19","0","","756014","FG","32","O","","","20","JZ","T","O","","","","","","E","","","","","","","","","","","","","","","","","","","","","","","","","","","","","","","",""
07/17/15 09:42:22|Error|Transaction Fail: Error Message:Move Non-Lot quantity of Lot Traced Item, field 23 must be 'C' or 'E' CDF: "IMTR01","","07/17/2015","009:42:22","0","","756014","FG","32","O","","","20","JZ","T","O","","","","","","E","","","","","","","","","","","","","","","","","","","","","","","","","","","","","","","",""
07/17/15 09:42:26|Error|Transaction Fail: Error Message:Move Non-Lot quantity of Lot Traced Item, field 23 must be 'C' or 'E' CDF: "IMTR01","","07/17/2015","009:42:26","0","","756014","FG","32","O","","","20","JZ","T","O","","","","","","E","","","","","","","","","","","","","","","","","","","","","","","","","","","","","","","",""
07/17/15 09:42:30|Error|Transaction Fail: Error Message:Move Non-Lot quantity of Lot Traced Item, field 23 must be 'C' or 'E' CDF: "IMTR01","","07/17/2015","009:42:29","0","","756014","FG","32","O","","","20","JZ","T","O","","","","","","E","","","","","","","","","","","","","","","","","","","","","","","","","","","","","","","",""
07/17/15 09:42:33|Error|Transaction Fail: Error Message:Move Non-Lot quantity of Lot Traced Item, field 23 must be 'C' or 'E' CDF: "IMTR01","","07/17/2015","009:42:33","0","","756014","FG","32","O","","","20","JZ","T","O","","","","","","E","","","","","","","","","","","","","","","","","","","","","","","","","","","","","","","",""
07/17/15 09:42:37|Error|Transaction Fail: Error Message:Move Non-Lot quantity of Lot Traced Item, field 23 must be 'C' or 'E' CDF: "IMTR01","","07/17/2015","009:42:37","0","","756014","FG","32","O","","","20","JZ","T","O","","","","","","E","","","","","","","","","","","","","","","","","","","","","","","","","","","","","","","",""
07/17/15 09:42:41|Error|Transaction Fail: Error Message:Move Non-Lot quantity of Lot Traced Item, field 23 must be 'C' or 'E' CDF: "IMTR01","","07/17/2015","009:42:40","0","","756014","FG","32","O","","","20","JZ","T","O","","","","","","E","","","","","","","","","","","","","","","","","","","","","","","","","","","","","","","",""
07/17/15 09:42:44|Error|Transaction Fail: Error Message:Move Non-Lot quantity of Lot Traced Item, field 23 must be 'C' or 'E' CDF: "IMTR01","","07/17/2015","009:42:44","0","","756014","FG","32","O","","","20","JZ","T","O","","","","","","E","","","","","","","","","","","","","","","","","","","","","","","","","","","","","","","",""
07/17/15 09:42:48|Error|Transaction Fail: Error Message:Move Non-Lot quantity of Lot Traced Item, field 23 must be 'C' or 'E' CDF: "IMTR01","","07/17/2015","009:42:47","0","","756014","FG","32","O","","","20","JZ","T","O","","","","","","E","","","","","","","","","","","","","","","","","","","","","","","","","","","","","","","",""
07/17/15 09:42:51|Error|Transaction Fail: Error Message:Move Non-Lot quantity of Lot Traced Item, field 23 must be 'C' or 'E' CDF: "IMTR01","","07/17/2015","009:42:51","0","","756014","FG","32","O","","","20","JZ","T","O","","","","","","E","","","","","","","","","","","","","","","","","","","","","","","","","","","","","","","",""
07/17/15 09:42:55|Error|Transaction Fail: Error Message:Move Non-Lot quantity of Lot Traced Item, field 23 must be 'C' or 'E' CDF: "IMTR01","","07/17/2015","009:42:55","0","","756014","FG","32","O","","","20","JZ","T","O","","","","","","E","","","","","","","","","","","","","","","","","","","","","","","","","","","","","","","",""
07/17/15 09:42:59|Error|Transaction Fail: Error Message:Move Non-Lot quantity of Lot Traced Item, field 23 must be 'C' or 'E' CDF: "IMTR01","","07/17/2015","009:42:59","0","","756014","FG","32","O","","","20","JZ","T","O","","","","","","E","","","","","","","","","","","","","","","","","","","","","","","","","","","","","","","",""
07/17/15 09:43:02|Error|Transaction Fail: Error Message:Move Non-Lot quantity of Lot Traced Item, field 23 must be 'C' or 'E' CDF: "IMTR01","","07/17/2015","009:43:02","0","","756014","FG","32","O","","","20","JZ","T","O","","","","","","E","","","","","","","","","","","","","","","","","","","","","","","","","","","","","","","",""
07/17/15 09:43:06|Error|Transaction Fail: Error Message:Move Non-Lot quantity of Lot Traced Item, field 23 must be 'C' or 'E' CDF: "IMTR01","","07/17/2015","009:43:06","0","","756014","FG","32","O","","","20","JZ","T","O","","","","","","E","","","","","","","","","","","","","","","","","","","","","","","","","","","","","","","",""
07/17/15 09:43:10|Error|Transaction Fail: Error Message:Move Non-Lot quantity of Lot Traced Item, field 23 must be 'C' or 'E' CDF: "IMTR01","","07/17/2015","009:43:10","0","","756014","FG","32","O","","","20","JZ","T","O","","","","","","E","","","","","","","","","","","","","","","","","","","","","","","","","","","","","","","",""
07/17/15 09:43:14|Error|Transaction Fail: Error Message:Move Non-Lot quantity of Lot Traced Item, field 23 must be 'C' or 'E' CDF: "IMTR01","","07/17/2015","009:43:14","0","","756014","FG","32","O","","","20","JZ","T","O","","","","","","E","","","","","","","","","","","","","","","","","","","","","","","","","","","","","","","",""
07/17/15 09:43:17|Error|Transaction Fail: Error Message:Move Non-Lot quantity of Lot Traced Item, field 23 must be 'C' or 'E' CDF: "IMTR01","","07/17/2015","009:43:17","0","","756014","FG","32","O","","","20","JZ","T","O","","","","","","E","","","","","","","","","","","","","","","","","","","","","","","","","","","","","","","",""
07/17/15 09:43:21|Error|Transaction Fail: Error Message:Move Non-Lot quantity of Lot Traced Item, field 23 must be 'C' or 'E' CDF: "IMTR01","","07/17/2015","009:43:21","0","","756014","FG","32","O","","","20","JZ","T","O","","","","","","E","","","","","","","","","","","","","","","","","","","","","","","","","","","","","","","",""
07/17/15 09:43:25|Error|Transaction Fail: Error Message:Move Non-Lot quantity of Lot Traced Item, field 23 must be 'C' or 'E' CDF: "IMTR01","","07/17/2015","009:43:24","0","","756014","FG","32","O","","","20","JZ","T","O","","","","","","E","","","","","","","","","","","","","","","","","","","","","","","","","","","","","","","",""
07/17/15 09:43:28|Error|Transaction Fail: Error Message:Move Non-Lot quantity of Lot Traced Item, field 23 must be 'C' or 'E' CDF: "IMTR01","","07/17/2015","009:43:28","0","","756014","FG","32","O","","","20","JZ","T","O","","","","","","E","","","","","","","","","","","","","","","","","","","","","","","","","","","","","","","",""
07/17/15 09:43:32|Error|Transaction Fail: Error Message:Move Non-Lot quantity of Lot Traced Item, field 23 must be 'C' or 'E' CDF: "IMTR01","","07/17/2015","009:43:31","0","","756014","FG","32","O","","","20","JZ","T","O","","","","","","E","","","","","","","","","","","","","","","","","","","","","","","","","","","","","","","",""
07/17/15 09:43:35|Error|Transaction Fail: Error Message:Move Non-Lot quantity of Lot Traced Item, field 23 must be 'C' or 'E' CDF: "IMTR01","","07/17/2015","009:43:35","0","","756014","FG","32","O","","","20","JZ","T","O","","","","","","E","","","","","","","","","","","","","","","","","","","","","","","","","","","","","","","",""
02/09/16 09:19:20|Error|Transaction Fail: Error Message:Move Non-Lot quantity of Lot Traced Item, field 23 must be 'C' or 'E' CDF: "IMTR01","","02/09/2016","009:17:42","0","","517684-6","FG","44","O","","","2","JZ","T","O","","","","","","E","","","","","","","","","","","","","","","","","","","","","","","","","","","","","","","",""
02/09/16 09:22:23|Error|Transaction Fail: Error Message:Move Non-Lot quantity of Lot Traced Item, field 23 must be 'C' or 'E' CDF: "IMTR01","","02/09/2016","009:22:16","0","","517684-6","FG","44","O","","","2","JZ","T","O","","","","","","E","","","","","","","","","","","","","","","","","","","","","","","","","","","","","","","",""
11/04/16 11:43:10|Info|Transaction ended Susccesfully: "IMTR01","","11/04/2016","011:43:10","0","","02-2030-32","3","JBIN","O","","","2","JZ","T","O","","","","","","E","","","E","","","","","","","","","","","","","","","","","","","","","","","","","","","","",""
11/04/16 11:43:11|Info|Transaction ended Susccesfully: "IMTR01","","11/04/2016","011:43:11","0","","23080-3042","3","J51","O","","","1","JZ","T","O","","","","","","E","","","E","","","","","","","","","","","","","","","","","","","","","","","","","","","","",""
11/04/16 11:43:12|Info|Transaction ended Susccesfully: "IMTR01","","11/04/2016","011:43:12","0","","02-1088-30","3","J36","O","","","1","JZ","T","O","","","","","","E","","","E","","","","","","","","","","","","","","","","","","","","","","","","","","","","",""
11/04/16 11:43:13|Info|Transaction ended Susccesfully: "IMTR01","","11/04/2016","011:43:13","0","","02-2030-27","3","JBIN","O","","","1","JZ","T","O","","","","","","E","","","E","","","","","","","","","","","","","","","","","","","","","","","","","","","","",""
11/04/16 11:43:13|Info|Transaction ended Susccesfully: "IMTR01","","11/04/2016","011:43:13","0","","33075-12","3","K21","O","","","660","JZ","T","O","","","","","","E","","","E","","","","","","","","","","","","","","","","","","","","","","","","","","","","",""
11/04/16 11:43:14|Info|Transaction ended Susccesfully: "IMTR01","","11/04/2016","011:43:13","0","","31169-1271","3","JBIN","O","","","1","JZ","T","O","","","","","","E","","","E","","","","","","","","","","","","","","","","","","","","","","","","","","","","",""
11/04/16 11:43:14|Info|Transaction ended Susccesfully: "IMTR01","","11/04/2016","011:43:14","0","","2714569-1","3","K11","O","","","2","JZ","T","O","","","","","","E","","","E","","","","","","","","","","","","","","","","","","","","","","","","","","","","",""
11/04/16 11:43:14|Info|Transaction ended Susccesfully: "IMTR01","","11/04/2016","011:43:14","0","","29-281800","3","G01","O","","","89","JZ","T","O","","","","","","E","","","E","","","","","","","","","","","","","","","","","","","","","","","","","","","","",""
11/04/16 11:43:14|Info|Transaction ended Susccesfully: "IMTR01","","11/04/2016","011:43:14","0","","32-140129","3","G07","O","","","100","JZ","T","O","","","","","","E","","","E","","","","","","","","","","","","","","","","","","","","","","","","","","","","",""
11/04/16 11:43:14|Info|Transaction ended Susccesfully: "IMTR01","","11/04/2016","011:43:14","0","","32-140127","3","G07","O","","","300","JZ","T","O","","","","","","E","","","E","","","","","","","","","","","","","","","","","","","","","","","","","","","","",""
11/04/16 11:43:14|Info|Transaction ended Susccesfully: "IMTR01","","11/04/2016","011:43:14","0","","32-140128","3","G07","O","","","100","JZ","T","O","","","","","","E","","","E","","","","","","","","","","","","","","","","","","","","","","","","","","","","",""
11/04/16 11:43:14|Info|Transaction ended Susccesfully: "IMTR01","","11/04/2016","011:43:14","0","","31169-1800","3","JBIN","O","","","10","JZ","T","O","","","","","","E","","","E","","","","","","","","","","","","","","","","","","","","","","","","","","","","",""
11/04/16 11:43:15|Info|Transaction ended Susccesfully: "IMTR01","","11/04/2016","011:43:15","0","","32288-6","3","K11","O","","","3","JZ","T","O","","","","","","E","","","E","","","","","","","","","","","","","","","","","","","","","","","","","","","","",""
11/04/16 11:43:15|Info|Transaction ended Susccesfully: "IMTR01","","11/04/2016","011:43:15","0","","05-543053","3","K27","O","","","1080","JZ","T","O","","","","","","E","","","E","","","","","","","","","","","","","","","","","","","","","","","","","","","","",""
11/04/16 11:43:15|Info|Transaction ended Susccesfully: "IMTR01","","11/04/2016","011:43:15","0","","05-543032","3","K27","O","","","1080","JZ","T","O","","","","","","E","","","E","","","","","","","","","","","","","","","","","","","","","","","","","","","","",""
11/04/16 11:43:15|Info|Transaction ended Susccesfully: "IMTR01","","11/04/2016","011:43:15","0","","02-2031-37","3","JBIN","O","","","1","JZ","T","O","","","","","","E","","","E","","","","","","","","","","","","","","","","","","","","","","","","","","","","",""
11/04/16 11:43:15|Info|Transaction ended Susccesfully: "IMTR01","","11/04/2016","011:43:15","0","","96-1696-2","3","DBIN","O","","","2","JZ","KIT","O","","","","","","E","","","E","","","","","","","","","","","","","","","","","","","","","","","","","","","","",""
11/04/16 11:43:15|Info|Transaction ended Susccesfully: "IMTR01","","11/04/2016","011:43:15","0","","02-1088-18","3","J36","O","","","2","JZ","T","O","","","","","","E","","","E","","","","","","","","","","","","","","","","","","","","","","","","","","","","",""
11/04/16 11:43:16|Info|Transaction ended Susccesfully: "IMTR01","","11/04/2016","011:43:16","0","","05-634258","3","JBIN","O","","","3750","JZ","T","O","","","","","","E","","","E","","","","","","","","","","","","","","","","","","","","","","","","","","","","",""
11/04/16 11:43:16|Error|Transaction Fail: Error Message:No Quantity Available At This Location                       CDF: "IMTR01","","11/04/2016","011:43:16","0","","207086","3","D12","O","","","200","JZ","KIT","O","","","","","","E","","","E","","","","","","","","","","","","","","","","","","","","","","","","","","","","",""
11/04/16 11:43:18|Info|Transaction ended Susccesfully: "IMTR01","","11/04/2016","011:43:18","0","","308001","3","EBIN","O","","","2","JZ","KIT","O","","","","","","E","","","E","","","","","","","","","","","","","","","","","","","","","","","","","","","","",""
11/04/16 11:43:19|Info|Transaction ended Susccesfully: "IMTR01","","11/04/2016","011:43:19","0","","308452","3","I-39-OBS","O","","","2","JZ","KIT","O","","","","","","E","","","E","","","","","","","","","","","","","","","","","","","","","","","","","","","","",""
11/04/16 11:43:19|Info|Transaction ended Susccesfully: "IMTR01","","11/04/2016","011:43:19","0","","308077","3","E17","O","","","2","JZ","KIT","O","","","","","","E","","","E","","","","","","","","","","","","","","","","","","","","","","","","","","","","",""
11/04/16 11:43:19|Info|Transaction ended Susccesfully: "IMTR01","","11/04/2016","011:43:19","0","","308480","3","F41","O","","","2","JZ","KIT","O","","","","","","E","","","E","","","","","","","","","","","","","","","","","","","","","","","","","","","","",""
11/04/16 11:43:19|Info|Transaction ended Susccesfully: "IMTR01","","11/04/2016","011:43:19","0","","308004","3","EBIN","O","","","4","JZ","KIT","O","","","","","","E","","","E","","","","","","","","","","","","","","","","","","","","","","","","","","","","",""
11/04/16 11:43:19|Info|Transaction ended Susccesfully: "IMTR01","","11/04/2016","011:43:19","0","","308005","3","E18","O","","","2","JZ","KIT","O","","","","","","E","","","E","","","","","","","","","","","","","","","","","","","","","","","","","","","","",""
11/04/16 11:43:19|Info|Transaction ended Susccesfully: "IMTR01","","11/04/2016","011:43:19","0","","308482","3","F36","O","","","2","JZ","KIT","O","","","","","","E","","","E","","","","","","","","","","","","","","","","","","","","","","","","","","","","",""
11/04/16 11:43:20|Info|Transaction ended Susccesfully: "IMTR01","","11/04/2016","011:43:20","0","","308410","3","F41","O","","","2","JZ","KIT","O","","","","","","E","","","E","","","","","","","","","","","","","","","","","","","","","","","","","","","","",""
11/04/16 11:43:20|Info|Transaction ended Susccesfully: "IMTR01","","11/04/2016","011:43:20","0","","308484","3","F41","O","","","2","JZ","KIT","O","","","","","","E","","","E","","","","","","","","","","","","","","","","","","","","","","","","","","","","",""
11/04/16 11:43:20|Info|Transaction ended Susccesfully: "IMTR01","","11/04/2016","011:43:20","0","","308485","3","F41","O","","","2","JZ","KIT","O","","","","","","E","","","E","","","","","","","","","","","","","","","","","","","","","","","","","","","","",""
11/04/16 11:43:20|Info|Transaction ended Susccesfully: "IMTR01","","11/04/2016","011:43:20","0","","308488","3","F41","O","","","2","JZ","KIT","O","","","","","","E","","","E","","","","","","","","","","","","","","","","","","","","","","","","","","","","",""
11/04/16 11:43:20|Info|Transaction ended Susccesfully: "IMTR01","","11/04/2016","011:43:20","0","","308455","3","F36","O","","","2","JZ","KIT","O","","","","","","E","","","E","","","","","","","","","","","","","","","","","","","","","","","","","","","","",""
11/04/16 11:43:20|Info|Transaction ended Susccesfully: "IMTR01","","11/04/2016","011:43:20","0","","308022","3","EBIN","O","","","2","JZ","KIT","O","","","","","","E","","","E","","","","","","","","","","","","","","","","","","","","","","","","","","","","",""
11/04/16 11:43:20|Info|Transaction ended Susccesfully: "IMTR01","","11/04/2016","011:43:20","0","","308462","3","E29","O","","","2","JZ","KIT","O","","","","","","E","","","E","","","","","","","","","","","","","","","","","","","","","","","","","","","","",""
11/04/16 11:43:21|Info|Transaction ended Susccesfully: "IMTR01","","11/04/2016","011:43:21","0","","308023","3","EBIN","O","","","8","JZ","KIT","O","","","","","","E","","","E","","","","","","","","","","","","","","","","","","","","","","","","","","","","",""
11/04/16 11:43:21|Info|Transaction ended Susccesfully: "IMTR01","","11/04/2016","011:43:21","0","","308089","3","B24","O","","","2","JZ","KIT","O","","","","","","E","","","E","","","","","","","","","","","","","","","","","","","","","","","","","","","","",""
11/04/16 11:43:21|Info|Transaction ended Susccesfully: "IMTR01","","11/04/2016","011:43:21","0","","308030","3","EBIN","O","","","8","JZ","KIT","O","","","","","","E","","","E","","","","","","","","","","","","","","","","","","","","","","","","","","","","",""
11/04/16 11:43:21|Info|Transaction ended Susccesfully: "IMTR01","","11/04/2016","011:43:21","0","","308024","3","EBIN","O","","","4","JZ","KIT","O","","","","","","E","","","E","","","","","","","","","","","","","","","","","","","","","","","","","","","","",""
11/04/16 11:43:21|Info|Transaction ended Susccesfully: "IMTR01","","11/04/2016","011:43:21","0","","308025","3","EBIN","O","","","2","JZ","KIT","O","","","","","","E","","","E","","","","","","","","","","","","","","","","","","","","","","","","","","","","",""
11/04/16 11:43:21|Info|Transaction ended Susccesfully: "IMTR01","","11/04/2016","011:43:21","0","","308026","3","EBIN","O","","","2","JZ","KIT","O","","","","","","E","","","E","","","","","","","","","","","","","","","","","","","","","","","","","","","","",""
11/04/16 11:43:22|Info|Transaction ended Susccesfully: "IMTR01","","11/04/2016","011:43:22","0","","308035","3","EBIN","O","","","2","JZ","KIT","O","","","","","","E","","","E","","","","","","","","","","","","","","","","","","","","","","","","","","","","",""
11/04/16 11:43:22|Info|Transaction ended Susccesfully: "IMTR01","","11/04/2016","011:43:22","0","","308036","3","EBIN","O","","","4","JZ","KIT","O","","","","","","E","","","E","","","","","","","","","","","","","","","","","","","","","","","","","","","","",""
11/04/16 11:43:22|Info|Transaction ended Susccesfully: "IMTR01","","11/04/2016","011:43:22","0","","308038","3","EBIN","O","","","2","JZ","KIT","O","","","","","","E","","","E","","","","","","","","","","","","","","","","","","","","","","","","","","","","",""
11/04/16 11:43:22|Info|Transaction ended Susccesfully: "IMTR01","","11/04/2016","011:43:22","0","","308039","3","EBIN","O","","","2","JZ","KIT","O","","","","","","E","","","E","","","","","","","","","","","","","","","","","","","","","","","","","","","","",""
11/04/16 11:43:22|Info|Transaction ended Susccesfully: "IMTR01","","11/04/2016","011:43:22","0","","308040","3","EBIN","O","","","2","JZ","KIT","O","","","","","","E","","","E","","","","","","","","","","","","","","","","","","","","","","","","","","","","",""
11/04/16 11:43:23|Info|Transaction ended Susccesfully: "IMTR01","","11/04/2016","011:43:23","0","","308041","3","EBIN","O","","","2","JZ","KIT","O","","","","","","E","","","E","","","","","","","","","","","","","","","","","","","","","","","","","","","","",""
11/04/16 11:43:23|Info|Transaction ended Susccesfully: "IMTR01","","11/04/2016","011:43:23","0","","308044","3","EBIN","O","","","2","JZ","KIT","O","","","","","","E","","","E","","","","","","","","","","","","","","","","","","","","","","","","","","","","",""
11/04/16 11:43:23|Info|Transaction ended Susccesfully: "IMTR01","","11/04/2016","011:43:23","0","","308401","3","EBIN","O","","","2","JZ","KIT","O","","","","","","E","","","E","","","","","","","","","","","","","","","","","","","","","","","","","","","","",""
11/04/16 11:43:23|Info|Transaction ended Susccesfully: "IMTR01","","11/04/2016","011:43:23","0","","308402","3","E22","O","","","2","JZ","KIT","O","","","","","","E","","","E","","","","","","","","","","","","","","","","","","","","","","","","","","","","",""
11/04/16 11:43:24|Info|Transaction ended Susccesfully: "IMTR01","","11/04/2016","011:43:23","0","","308070A","3","F57","O","","","2","JZ","KIT","O","","","","","","E","","","E","","","","","","","","","","","","","","","","","","","","","","","","","","","","",""
11/04/16 11:43:24|Info|Transaction ended Susccesfully: "IMTR01","","11/04/2016","011:43:24","0","","308458","3","F41","O","","","2","JZ","KIT","O","","","","","","E","","","E","","","","","","","","","","","","","","","","","","","","","","","","","","","","",""
11/04/16 11:43:24|Info|Transaction ended Susccesfully: "IMTR01","","11/04/2016","011:43:24","0","","308454","3","F36","O","","","2","JZ","KIT","O","","","","","","E","","","E","","","","","","","","","","","","","","","","","","","","","","","","","","","","",""
11/04/16 11:43:24|Info|Transaction ended Susccesfully: "IMTR01","","11/04/2016","011:43:24","0","","207502","3","C17","O","","","30000","JZ","KIT","O","","","","","","E","","","E","","","","","","","","","","","","","","","","","","","","","","","","","","","","",""
11/04/16 11:43:24|Info|Transaction ended Susccesfully: "IMTR01","","11/04/2016","011:43:24","0","","207503","3","G31","O","","","65.03","JZ","KIT","O","","","","","","E","","","E","","","","","","","","","","","","","","","","","","","","","","","","","","","","",""
11/04/16 11:43:25|Info|Transaction ended Susccesfully: "IMTR01","","11/04/2016","011:43:24","0","","201106","3","B31","O","","","16542","JZ","KIT","O","","","","","","E","","","E","","","","","","","","","","","","","","","","","","","","","","","","","","","","",""
11/04/16 11:43:25|Info|Transaction ended Susccesfully: "IMTR01","","11/04/2016","011:43:25","0","","205105","3","B26","O","","","4000","JZ","KIT","O","","","","","","E","","","E","","","","","","","","","","","","","","","","","","","","","","","","","","","","",""
11/04/16 11:43:25|Info|Transaction ended Susccesfully: "IMTR01","","11/04/2016","011:43:25","0","","205103","3","B32","O","","","2500","JZ","KIT","O","","","","","","E","","","E","","","","","","","","","","","","","","","","","","","","","","","","","","","","",""
11/04/16 11:43:25|Info|Transaction ended Susccesfully: "IMTR01","","11/04/2016","011:43:25","0","","56-692200","3","C24","O","","","1500","JZ","KIT","O","","","","","","E","","","E","","","","","","","","","","","","","","","","","","","","","","","","","","","","",""
11/04/16 11:43:25|Info|Transaction ended Susccesfully: "IMTR01","","11/04/2016","011:43:25","0","","201202","3","B46","O","","","29000","JZ","KIT","O","","","","","","E","","","E","","","","","","","","","","","","","","","","","","","","","","","","","","","","",""
11/04/16 11:43:25|Info|Transaction ended Susccesfully: "IMTR01","","11/04/2016","011:43:25","0","","81040DW","3","G54","O","","","50","JZ","KIT","O","","","","","","E","","","E","","","","","","","","","","","","","","","","","","","","","","","","","","","","",""
11/04/16 11:43:25|Info|Transaction ended Susccesfully: "IMTR01","","11/04/2016","011:43:25","0","","05-651002","3","RECV","O","","","192","JZ","T","O","","","","","","E","","","E","","","","","","","","","","","","","","","","","","","","","","","","","","","","",""
11/04/16 11:43:26|Info|Transaction ended Susccesfully: "IMTR01","","11/04/2016","011:43:26","0","","85000","3","F47","O","","","50","JZ","T","O","","","","","","E","","","E","","","","","","","","","","","","","","","","","","","","","","","","","","","","",""
11/04/16 11:43:26|Info|Transaction ended Susccesfully: "IMTR01","","11/04/2016","011:43:26","0","","1213-0","3","D02","O","","","2","JZ","KIT","O","","","","","","E","","","E","","","","","","","","","","","","","","","","","","","","","","","","","","","","",""
11/04/16 11:43:26|Info|Transaction ended Susccesfully: "IMTR01","","11/04/2016","011:43:26","0","","499-68","3","DBIN","O","","","2","JZ","KIT","O","","","","","","E","","","E","","","","","","","","","","","","","","","","","","","","","","","","","","","","",""
11/04/16 11:43:26|Info|Transaction ended Susccesfully: "IMTR01","","11/04/2016","011:43:26","0","","96-1651-2","3","E22","O","","","2","JZ","KIT","O","","","","","","E","","","E","","","","","","","","","","","","","","","","","","","","","","","","","","","","",""
11/04/16 11:43:26|Info|Transaction ended Susccesfully: "IMTR01","","11/04/2016","011:43:26","0","","95-0060-6","3","DBIN","O","","","2","JZ","KIT","O","","","","","","E","","","E","","","","","","","","","","","","","","","","","","","","","","","","","","","","",""
11/04/16 11:43:26|Info|Transaction ended Susccesfully: "IMTR01","","11/04/2016","011:43:26","0","","96-1658-1","3","D41","O","","","2","JZ","KIT","O","","","","","","E","","","E","","","","","","","","","","","","","","","","","","","","","","","","","","","","",""
11/04/16 11:43:27|Info|Transaction ended Susccesfully: "IMTR01","","11/04/2016","011:43:27","0","","95-1661-1","3","D32","O","","","2","JZ","KIT","O","","","","","","E","","","E","","","","","","","","","","","","","","","","","","","","","","","","","","","","",""
11/04/16 11:43:27|Info|Transaction ended Susccesfully: "IMTR01","","11/04/2016","011:43:27","0","","99-0060-31","3","DBIN","O","","","2","JZ","KIT","O","","","","","","E","","","E","","","","","","","","","","","","","","","","","","","","","","","","","","","","",""
11/04/16 11:43:27|Info|Transaction ended Susccesfully: "IMTR01","","11/04/2016","011:43:27","0","","1213-0","3","D02","O","","","2","JZ","KIT","O","","","","","","E","","","E","","","","","","","","","","","","","","","","","","","","","","","","","","","","",""
11/04/16 11:43:27|Info|Transaction ended Susccesfully: "IMTR01","","11/04/2016","011:43:27","0","","499-95-1","3","DBIN","O","","","2","JZ","KIT","O","","","","","","E","","","E","","","","","","","","","","","","","","","","","","","","","","","","","","","","",""
11/04/16 11:43:27|Info|Transaction ended Susccesfully: "IMTR01","","11/04/2016","011:43:27","0","","95-0060-6","3","DBIN","O","","","2","JZ","KIT","O","","","","","","E","","","E","","","","","","","","","","","","","","","","","","","","","","","","","","","","",""
11/04/16 11:43:27|Info|Transaction ended Susccesfully: "IMTR01","","11/04/2016","011:43:27","0","","95-1696-1","3","DBIN","O","","","2","JZ","KIT","O","","","","","","E","","","E","","","","","","","","","","","","","","","","","","","","","","","","","","","","",""
11/04/16 11:43:28|Info|Transaction ended Susccesfully: "IMTR01","","11/04/2016","011:43:28","0","","95-1658-1","3","E42","O","","","2","JZ","KIT","O","","","","","","E","","","E","","","","","","","","","","","","","","","","","","","","","","","","","","","","",""
11/04/16 11:43:28|Info|Transaction ended Susccesfully: "IMTR01","","11/04/2016","011:43:28","0","","95-1661-1","3","D32","O","","","2","JZ","KIT","O","","","","","","E","","","E","","","","","","","","","","","","","","","","","","","","","","","","","","","","",""
11/04/16 11:43:28|Info|Transaction ended Susccesfully: "IMTR01","","11/04/2016","011:43:28","0","","99-0060-31","3","DBIN","O","","","2","JZ","KIT","O","","","","","","E","","","E","","","","","","","","","","","","","","","","","","","","","","","","","","","","",""
11/04/16 11:43:28|Info|Transaction ended Susccesfully: "IMTR01","","11/04/2016","011:43:28","0","","MS39086-76","3","KBIN","O","","","70","JZ","KITGOO","O","","","","","","E","","","E","","","","","","","","","","","","","","","","","","","","","","","","","","","","",""
11/04/16 11:43:28|Info|Transaction ended Susccesfully: "IMTR01","","11/04/2016","011:43:28","0","","31169-1955","3","J36","O","","","14","JZ","KITGOO","O","","","","","","E","","","E","","","","","","","","","","","","","","","","","","","","","","","","","","","","",""
11/04/16 11:43:28|Info|Transaction ended Susccesfully: "IMTR01","","11/04/2016","011:43:28","0","","31169-1011","3","K41","O","","","728","JZ","KITGOO","O","","","","","","E","","","E","","","","","","","","","","","","","","","","","","","","","","","","","","","","",""
11/04/16 11:43:29|Info|Transaction ended Susccesfully: "IMTR01","","11/04/2016","011:43:29","0","","02-4300-24","3","JBIN","O","","","280","JZ","KITGOO","O","","","","","","E","","","E","","","","","","","","","","","","","","","","","","","","","","","","","","","","",""
11/04/16 11:43:29|Error|Transaction Fail: Error Message:No Quantity Available At This Location                       CDF: "IMTR01","","11/04/2016","011:43:29","0","","67410406-1","JZ","ENG","O","","","27","JZ","T","O","","","","","","E","","","E","","","","","","","","","","","","","","","","","","","","","","","","","","","","",""
